<?xml version="1.0" encoding="UTF-8"?><testsuite errors="0" failures="0" name="com.bestbuy.bestbuyinfo.ProductCRUDTestWithSteps" skipped="0" tests="4" time="1.23" timestamp="2023-03-02T17:50:01.513Z[Europe/London]"><testcase classname="com.bestbuy.bestbuyinfo.ProductCRUDTestWithSteps" name="Create a new product"/><testcase classname="com.bestbuy.bestbuyinfo.ProductCRUDTestWithSteps" name="Cerify if product is created"/><testcase classname="com.bestbuy.bestbuyinfo.ProductCRUDTestWithSteps" name="Update the product information"/><testcase classname="com.bestbuy.bestbuyinfo.ProductCRUDTestWithSteps" name="Delete product info by productID and verify it's deleted or not"/></testsuite>