<?xml version="1.0" encoding="UTF-8"?><testsuite errors="0" failures="0" name="com.bestbuy.bestbuyinfo.StoreCRUDTestWithSteps" skipped="0" tests="4" time="0.42" timestamp="2023-03-02T17:50:04.191Z[Europe/London]"><testcase classname="com.bestbuy.bestbuyinfo.StoreCRUDTestWithSteps" name="Create a new store"/><testcase classname="com.bestbuy.bestbuyinfo.StoreCRUDTestWithSteps" name="Verify if store is created"/><testcase classname="com.bestbuy.bestbuyinfo.StoreCRUDTestWithSteps" name="Update the store information"/><testcase classname="com.bestbuy.bestbuyinfo.StoreCRUDTestWithSteps" name="Delete store info by StoreID and verify its deleted"/></testsuite>