<?xml version="1.0" encoding="UTF-8"?><testsuite errors="0" failures="0" name="com.bestbuy.bestbuyinfo.ServiceCRUDTestWithSteps" skipped="0" tests="4" time="0.37" timestamp="2023-03-02T17:50:03.185Z[Europe/London]"><testcase classname="com.bestbuy.bestbuyinfo.ServiceCRUDTestWithSteps" name="This will create a new service"/><testcase classname="com.bestbuy.bestbuyinfo.ServiceCRUDTestWithSteps" name="Verify if service is created"/><testcase classname="com.bestbuy.bestbuyinfo.ServiceCRUDTestWithSteps" name="Update the user information"/><testcase classname="com.bestbuy.bestbuyinfo.ServiceCRUDTestWithSteps" name="Delete category info by categoryID and verify it's deleted or not"/></testsuite>