<?xml version="1.0" encoding="UTF-8"?><testsuite errors="0" failures="0" name="com.bestbuy.bestbuyinfo.StoreCRUDTest" skipped="0" tests="4" time="0.47" timestamp="2023-03-02T17:50:03.640Z[Europe/London]"><testcase classname="com.bestbuy.bestbuyinfo.StoreCRUDTest" name="This will create a new store"/><testcase classname="com.bestbuy.bestbuyinfo.StoreCRUDTest" name="Verify if store was created"/><testcase classname="com.bestbuy.bestbuyinfo.StoreCRUDTest" name="Update the store and verify the updated information"/><testcase classname="com.bestbuy.bestbuyinfo.StoreCRUDTest" name="Delete the store and verify if the store is deleted"/></testsuite>