<?xml version="1.0" encoding="UTF-8"?><testsuite errors="0" failures="0" name="com.bestbuy.bestbuyinfo.ProductCRUDTest" skipped="0" tests="5" time="2.98" timestamp="2023-03-02T17:49:58.429Z[Europe/London]"><testcase classname="com.bestbuy.bestbuyinfo.ProductCRUDTest" name="Test001"/><testcase classname="com.bestbuy.bestbuyinfo.ProductCRUDTest" name="Test002"/><testcase classname="com.bestbuy.bestbuyinfo.ProductCRUDTest" name="Verify if product was created"/><testcase classname="com.bestbuy.bestbuyinfo.ProductCRUDTest" name="update the product and verify the update information"/><testcase classname="com.bestbuy.bestbuyinfo.ProductCRUDTest" name="Delete the student and verify if the student is deleted"/></testsuite>